{
  "stats": {
    "suites": 1,
    "tests": 1,
    "passes": 1,
    "pending": 0,
    "failures": 0,
    "start": "2025-06-12T23:10:56.876Z",
    "end": "2025-06-12T23:11:00.534Z",
    "duration": 3658,
    "testsRegistered": 1,
    "passPercent": 100,
    "pendingPercent": 0,
    "other": 0,
    "hasOther": false,
    "skipped": 0,
    "hasSkipped": false
  },
  "results": [
    {
      "uuid": "e1c6b15c-4bb0-4116-ab16-f7719df78b96",
      "title": "",
      "fullFile": "cypress\\e2e\\spec.cy.js",
      "file": "cypress\\e2e\\spec.cy.js",
      "beforeHooks": [],
      "afterHooks": [],
      "tests": [],
      "suites": [
        {
          "uuid": "376fca5c-b5e8-4ed8-9f63-9007b9722e27",
          "title": "Prueba automática en example.cypress.io",
          "fullFile": "",
          "file": "",
          "beforeHooks": [],
          "afterHooks": [],
          "tests": [
            {
              "title": "Verifica navegación y elementos visibles",
              "fullTitle": "Prueba automática en example.cypress.io Verifica navegación y elementos visibles",
              "timedOut": null,
              "duration": 1430,
              "state": "passed",
              "speed": "fast",
              "pass": true,
              "fail": false,
              "pending": false,
              "context": null,
              "code": "cy.visit('https://example.cypress.io');\n// Abre el menú desplegable\ncy.get('.dropdown-toggle').contains('Commands').click();\n// Ahora el enlace \"Querying\" está visible y se puede hacer clic\ncy.contains('Querying').click();\n// Verifica que esté en la página correcta\ncy.url().should('include', '/commands/querying');\n// Verifica que el botón existe\ncy.get('#query-btn').should('exist').and('contain', 'Button');",
              "err": {},
              "uuid": "eda5a272-b80a-4473-b9c5-88a33d7fa747",
              "parentUUID": "376fca5c-b5e8-4ed8-9f63-9007b9722e27",
              "isHook": false,
              "skipped": false
            }
          ],
          "suites": [],
          "passes": [
            "eda5a272-b80a-4473-b9c5-88a33d7fa747"
          ],
          "failures": [],
          "pending": [],
          "skipped": [],
          "duration": 1430,
          "root": false,
          "rootEmpty": false,
          "_timeout": 2000
        }
      ],
      "passes": [],
      "failures": [],
      "pending": [],
      "skipped": [],
      "duration": 0,
      "root": true,
      "rootEmpty": true,
      "_timeout": 2000
    }
  ],
  "meta": {
    "mocha": {
      "version": "7.2.0"
    },
    "mochawesome": {
      "options": {
        "quiet": false,
        "reportFilename": "mochawesome",
        "saveHtml": true,
        "saveJson": true,
        "consoleReporter": "spec",
        "useInlineDiffs": false,
        "code": true
      },
      "version": "7.1.3"
    },
    "marge": {
      "options": {
        "reportDir": "cypress/reports",
        "overwrite": false,
        "html": true,
        "json": true
      },
      "version": "6.2.0"
    }
  }
}